<?xml version="1.0" encoding="UTF-8" ?>
<testsuite tests="2" failures="0" name="ru.job4j.calculator.FitTest" time="0" errors="0" skipped="0">
  <properties>
    <property name="java.runtime.name" value="Java(TM) SE Runtime Environment"/>
    <property name="java.vm.version" value="12+33"/>
    <property name="sun.boot.library.path" value="C:\Program Files\Java\jdk-12\bin"/>
    <property name="maven.multiModuleProjectDirectory" value="C:\project\job4j"/>
    <property name="java.vm.vendor" value="Oracle Corporation"/>
    <property name="java.vendor.url" value="https://java.oracle.com/"/>
    <property name="guice.disable.misplaced.annotation.check" value="true"/>
    <property name="path.separator" value=";"/>
    <property name="java.vm.name" value="Java HotSpot(TM) 64-Bit Server VM"/>
    <property name="sun.os.patch.level" value="Service Pack 1"/>
    <property name="user.script" value=""/>
    <property name="user.country" value="RU"/>
    <property name="sun.java.launcher" value="SUN_STANDARD"/>
    <property name="java.vm.specification.name" value="Java Virtual Machine Specification"/>
    <property name="user.dir" value="C:\project\job4j"/>
    <property name="java.vm.compressedOopsMode" value="32-bit"/>
    <property name="java.runtime.version" value="12+33"/>
    <property name="java.awt.graphicsenv" value="sun.awt.Win32GraphicsEnvironment"/>
    <property name="os.arch" value="amd64"/>
    <property name="java.io.tmpdir" value="C:\Windows\TEMP\"/>
    <property name="line.separator" value="
"/>
    <property name="java.vm.specification.vendor" value="Oracle Corporation"/>
    <property name="user.variant" value=""/>
    <property name="os.name" value="Windows 7"/>
    <property name="maven.ext.class.path" value="D:\programm\IntelliJ IDEA Community Edition 2019.2.2\plugins\maven\lib\maven-event-listener.jar"/>
    <property name="classworlds.conf" value="D:\programm\IntelliJ IDEA Community Edition 2019.2.2\plugins\maven\lib\maven3\bin\m2.conf"/>
    <property name="sun.jnu.encoding" value="Cp1251"/>
    <property name="java.library.path" value="C:\Program Files\Java\jdk-12\bin;C:\Windows\Sun\Java\bin;C:\Windows\system32;C:\Windows;C:\Program Files\Java\jdk-12\bin;D:\programm\Git\cmd;C:\Windows\System32;C:\Windows;C:\Windows\System32\Wbem;D:\Ultimate SSDK v3\Source Engine CSS\cstrike\..\bin;C:\Users\Viktor\AppData\Local\GitHubDesktop\bin;C:\Program Files\Java\jdk-12\bin;C:\Tools\apache-maven-3.6.1\bin;D:\programm\Git\cmd;D:\programm\IntelliJ IDEA Community Edition 2019.2.2\bin;;."/>
    <property name="maven.conf" value="D:\programm\IntelliJ IDEA Community Edition 2019.2.2\plugins\maven\lib\maven3/conf"/>
    <property name="jdk.debug" value="release"/>
    <property name="java.class.version" value="56.0"/>
    <property name="java.specification.name" value="Java Platform API Specification"/>
    <property name="sun.management.compiler" value="HotSpot 64-Bit Tiered Compilers"/>
    <property name="os.version" value="6.1"/>
    <property name="user.home" value="C:\Users\Viktor"/>
    <property name="user.timezone" value="Europe/Chisinau"/>
    <property name="file.encoding" value="UTF-8"/>
    <property name="java.specification.version" value="12"/>
    <property name="user.name" value="Viktor"/>
    <property name="java.class.path" value="D:\programm\IntelliJ IDEA Community Edition 2019.2.2\plugins\maven\lib\maven3\boot\plexus-classworlds-2.6.0.jar"/>
    <property name="idea.version2019.2.2" value="true"/>
    <property name="java.vm.specification.version" value="12"/>
    <property name="sun.arch.data.model" value="64"/>
    <property name="sun.java.command" value="org.codehaus.classworlds.Launcher -Didea.version2019.2.2 install"/>
    <property name="java.home" value="C:\Program Files\Java\jdk-12"/>
    <property name="user.language" value="ru"/>
    <property name="java.specification.vendor" value="Oracle Corporation"/>
    <property name="awt.toolkit" value="sun.awt.windows.WToolkit"/>
    <property name="java.vm.info" value="mixed mode, sharing"/>
    <property name="java.version" value="12"/>
    <property name="java.vendor" value="Oracle Corporation"/>
    <property name="maven.home" value="D:\programm\IntelliJ IDEA Community Edition 2019.2.2\plugins\maven\lib\maven3"/>
    <property name="file.separator" value="\"/>
    <property name="java.version.date" value="2019-03-19"/>
    <property name="java.vendor.url.bug" value="https://bugreport.java.com/bugreport/"/>
    <property name="sun.io.unicode.encoding" value="UnicodeLittle"/>
    <property name="sun.cpu.endian" value="little"/>
    <property name="sun.desktop" value="windows"/>
    <property name="sun.cpu.isalist" value="amd64"/>
  </properties>
  <testcase classname="ru.job4j.calculator.FitTest" name="manWeight" time="0"/>
  <testcase classname="ru.job4j.calculator.FitTest" name="womanWeight" time="0"/>
</testsuite>